<?xml version="1.0" encoding="UTF-8"?>
<testng-results skipped="0" failed="1" total="2" passed="1">
  <reporter-output>
  </reporter-output>
  <suite name="Default suite" duration-ms="77964" started-at="2015-08-28T12:41:17Z" finished-at="2015-08-28T12:42:35Z">
    <groups>
    </groups>
    <test name="Default test" duration-ms="77964" started-at="2015-08-28T12:41:17Z" finished-at="2015-08-28T12:42:35Z">
      <class name="Asserts.Home_Page">
        <test-method status="FAIL" signature="PageName(java.lang.Object)[pri:0, instance:Asserts.Home_Page@1b40d5f0]" name="PageName" duration-ms="0" started-at="2015-08-28T18:11:17Z" finished-at="2015-08-28T18:11:17Z">
          <exception class="org.testng.TestNGException">
            <message>
              <![CDATA[
Method PageName requires 1 parameters but 0 were supplied in the @Test annotation.]]>
            </message>
            <full-stacktrace>
              <![CDATA[org.testng.TestNGException: 
Method PageName requires 1 parameters but 0 were supplied in the @Test annotation.
	at org.testng.internal.Parameters.checkParameterTypes(Parameters.java:198)
	at org.testng.internal.Parameters.createParameters(Parameters.java:134)
	at org.testng.internal.Parameters.createParameters(Parameters.java:373)
	at org.testng.internal.Parameters.handleParameters(Parameters.java:450)
	at org.testng.internal.Invoker.handleParameters(Invoker.java:1383)
	at org.testng.internal.Invoker.createParameters(Invoker.java:1075)
	at org.testng.internal.Invoker.invokeTestMethods(Invoker.java:1180)
	at org.testng.internal.TestMethodWorker.invokeTestMethods(TestMethodWorker.java:127)
	at org.testng.internal.TestMethodWorker.run(TestMethodWorker.java:111)
	at org.testng.TestRunner.privateRun(TestRunner.java:767)
	at org.testng.TestRunner.run(TestRunner.java:617)
	at org.testng.SuiteRunner.runTest(SuiteRunner.java:334)
	at org.testng.SuiteRunner.runSequentially(SuiteRunner.java:329)
	at org.testng.SuiteRunner.privateRun(SuiteRunner.java:291)
	at org.testng.SuiteRunner.run(SuiteRunner.java:240)
	at org.testng.SuiteRunnerWorker.runSuite(SuiteRunnerWorker.java:52)
	at org.testng.SuiteRunnerWorker.run(SuiteRunnerWorker.java:86)
	at org.testng.TestNG.runSuitesSequentially(TestNG.java:1224)
	at org.testng.TestNG.runSuitesLocally(TestNG.java:1149)
	at org.testng.TestNG.run(TestNG.java:1057)
	at org.testng.remote.RemoteTestNG.run(RemoteTestNG.java:111)
	at org.testng.remote.RemoteTestNG.initAndRun(RemoteTestNG.java:204)
	at org.testng.remote.RemoteTestNG.main(RemoteTestNG.java:175)
]]>
            </full-stacktrace>
          </exception> <!-- org.testng.TestNGException -->
          <reporter-output>
          </reporter-output>
        </test-method> <!-- PageName -->
        <test-method status="PASS" signature="preCondition()[pri:0, instance:Asserts.Home_Page@1b40d5f0]" name="preCondition" is-config="true" duration-ms="77590" started-at="2015-08-28T18:11:17Z" finished-at="2015-08-28T18:12:35Z">
          <reporter-output>
          </reporter-output>
        </test-method> <!-- preCondition -->
        <test-method status="PASS" signature="titleVerify()[pri:0, instance:Asserts.Home_Page@1b40d5f0]" name="titleVerify" duration-ms="1" started-at="2015-08-28T18:12:35Z" finished-at="2015-08-28T18:12:35Z">
          <reporter-output>
          </reporter-output>
        </test-method> <!-- titleVerify -->
        <test-method status="PASS" signature="closeFirefox()[pri:0, instance:Asserts.Home_Page@1b40d5f0]" name="closeFirefox" is-config="true" duration-ms="353" started-at="2015-08-28T18:12:35Z" finished-at="2015-08-28T18:12:35Z">
          <reporter-output>
          </reporter-output>
        </test-method> <!-- closeFirefox -->
      </class> <!-- Asserts.Home_Page -->
    </test> <!-- Default test -->
  </suite> <!-- Default suite -->
</testng-results>
